Build started 2015-01-22 19:44:36.
     1>Project "D:\Personal\Documents\Visual Studio 2013\Projects\FunctionalFriday\FunctionalFriday.sln" on node 1 (Build target(s)).
     1>ValidateSolutionConfiguration:
         Building solution configuration "Release|Any CPU".
     1>Project "D:\Personal\Documents\Visual Studio 2013\Projects\FunctionalFriday\FunctionalFriday.sln" (1) is building "D:\Personal\Documents\Visual Studio 2013\Projects\FunctionalFriday\Types\Types.fsproj" (2) on node 1 (default targets).
     2>GenerateBindingRedirects:
         No suggested binding redirects from ResolveAssemblyReferences.
       GenerateTargetFrameworkMonikerAttribute:
       Skipping target "GenerateTargetFrameworkMonikerAttribute" because all output files are up-to-date with respect to the input files.
       CoreCompile:
       Skipping target "CoreCompile" because all output files are up-to-date with respect to the input files.
       _CopyAppConfigFile:
       Skipping target "_CopyAppConfigFile" because all output files are up-to-date with respect to the input files.
       CopyFilesToOutputDirectory:
         Types -> D:\Personal\Documents\Visual Studio 2013\Projects\FunctionalFriday\Types\bin\Release\Types.exe
     2>Done Building Project "D:\Personal\Documents\Visual Studio 2013\Projects\FunctionalFriday\Types\Types.fsproj" (default targets).
     1>Project "D:\Personal\Documents\Visual Studio 2013\Projects\FunctionalFriday\FunctionalFriday.sln" (1) is building "D:\Personal\Documents\Visual Studio 2013\Projects\FunctionalFriday\Tests\Tests.csproj" (4) on node 3 (default targets).
     4>PrepareForBuild:
         Creating directory "bin\Release\".
         Creating directory "obj\Release\".
     1>Project "D:\Personal\Documents\Visual Studio 2013\Projects\FunctionalFriday\FunctionalFriday.sln" (1) is building "D:\Personal\Documents\Visual Studio 2013\Projects\FunctionalFriday\FakeBuild\FakeBuild.csproj" (3) on node 2 (default targets).
     3>GenerateBindingRedirects:
         No suggested binding redirects from ResolveAssemblyReferences.
     4>GenerateTargetFrameworkMonikerAttribute:
       Skipping target "GenerateTargetFrameworkMonikerAttribute" because all output files are up-to-date with respect to the input files.
     3>GenerateTargetFrameworkMonikerAttribute:
       Skipping target "GenerateTargetFrameworkMonikerAttribute" because all output files are up-to-date with respect to the input files.
     4>CoreCompile:
         C:\Program Files (x86)\MSBuild\12.0\bin\Csc.exe /noconfig /nowarn:1701,1702 /nostdlib+ /errorreport:prompt /warn:4 /define:TRACE /highentropyva+ /reference:"C:\Program Files (x86)\Reference Assemblies\Microsoft\Framework\.NETFramework\v4.5.1\Microsoft.CSharp.dll" /reference:"C:\Program Files (x86)\Reference Assemblies\Microsoft\Framework\.NETFramework\v4.5.1\mscorlib.dll" /reference:"D:\Personal\Documents\Visual Studio 2013\Projects\FunctionalFriday\packages\NUnit.2.6.4\lib\nunit.framework.dll" /reference:"C:\Program Files (x86)\Reference Assemblies\Microsoft\Framework\.NETFramework\v4.5.1\System.Core.dll" /reference:"C:\Program Files (x86)\Reference Assemblies\Microsoft\Framework\.NETFramework\v4.5.1\System.Data.DataSetExtensions.dll" /reference:"C:\Program Files (x86)\Reference Assemblies\Microsoft\Framework\.NETFramework\v4.5.1\System.Data.dll" /reference:"C:\Program Files (x86)\Reference Assemblies\Microsoft\Framework\.NETFramework\v4.5.1\System.dll" /reference:"C:\Program Files (x86)\Reference Assemblies\Microsoft\Framework\.NETFramework\v4.5.1\System.Xml.dll" /reference:"C:\Program Files (x86)\Reference Assemblies\Microsoft\Framework\.NETFramework\v4.5.1\System.Xml.Linq.dll" /debug:pdbonly /filealign:512 /optimize+ /out:obj\Release\Tests.dll /subsystemversion:6.00 /target:library /utf8output Class1.cs Properties\AssemblyInfo.cs "C:\Users\Novakov\AppData\Local\Temp\.NETFramework,Version=v4.5.1.AssemblyAttributes.cs"
     3>CoreCompile:
         C:\Program Files (x86)\MSBuild\12.0\bin\Csc.exe /noconfig /nowarn:1701,1702 /nostdlib+ /platform:anycpu32bitpreferred /errorreport:prompt /warn:4 /define:TRACE /highentropyva+ /reference:"C:\Program Files (x86)\Reference Assemblies\Microsoft\Framework\.NETFramework\v4.5.1\Microsoft.CSharp.dll" /reference:"C:\Program Files (x86)\Reference Assemblies\Microsoft\Framework\.NETFramework\v4.5.1\mscorlib.dll" /reference:"C:\Program Files (x86)\Reference Assemblies\Microsoft\Framework\.NETFramework\v4.5.1\System.Core.dll" /reference:"C:\Program Files (x86)\Reference Assemblies\Microsoft\Framework\.NETFramework\v4.5.1\System.Data.DataSetExtensions.dll" /reference:"C:\Program Files (x86)\Reference Assemblies\Microsoft\Framework\.NETFramework\v4.5.1\System.Data.dll" /reference:"C:\Program Files (x86)\Reference Assemblies\Microsoft\Framework\.NETFramework\v4.5.1\System.dll" /reference:"C:\Program Files (x86)\Reference Assemblies\Microsoft\Framework\.NETFramework\v4.5.1\System.Xml.dll" /reference:"C:\Program Files (x86)\Reference Assemblies\Microsoft\Framework\.NETFramework\v4.5.1\System.Xml.Linq.dll" /debug:pdbonly /filealign:512 /optimize+ /out:obj\Release\FakeBuild.exe /subsystemversion:6.00 /target:exe /utf8output ..\SolutionAssemblyInfo.cs Program.cs Properties\AssemblyInfo.cs "C:\Users\Novakov\AppData\Local\Temp\.NETFramework,Version=v4.5.1.AssemblyAttributes.cs"
       _CopyAppConfigFile:
       Skipping target "_CopyAppConfigFile" because all output files are up-to-date with respect to the input files.
       CopyFilesToOutputDirectory:
         Copying file from "obj\Release\FakeBuild.exe" to "bin\Release\FakeBuild.exe".
         FakeBuild -> D:\Personal\Documents\Visual Studio 2013\Projects\FunctionalFriday\FakeBuild\bin\Release\FakeBuild.exe
         Copying file from "obj\Release\FakeBuild.pdb" to "bin\Release\FakeBuild.pdb".
     3>Done Building Project "D:\Personal\Documents\Visual Studio 2013\Projects\FunctionalFriday\FakeBuild\FakeBuild.csproj" (default targets).
     4>_CopyFilesMarkedCopyLocal:
         Copying file from "D:\Personal\Documents\Visual Studio 2013\Projects\FunctionalFriday\packages\NUnit.2.6.4\lib\nunit.framework.dll" to "bin\Release\nunit.framework.dll".
         Copying file from "D:\Personal\Documents\Visual Studio 2013\Projects\FunctionalFriday\packages\NUnit.2.6.4\lib\nunit.framework.xml" to "bin\Release\nunit.framework.xml".
       CopyFilesToOutputDirectory:
         Copying file from "obj\Release\Tests.dll" to "bin\Release\Tests.dll".
         Tests -> D:\Personal\Documents\Visual Studio 2013\Projects\FunctionalFriday\Tests\bin\Release\Tests.dll
         Copying file from "obj\Release\Tests.pdb" to "bin\Release\Tests.pdb".
     4>Done Building Project "D:\Personal\Documents\Visual Studio 2013\Projects\FunctionalFriday\Tests\Tests.csproj" (default targets).
     1>Done Building Project "D:\Personal\Documents\Visual Studio 2013\Projects\FunctionalFriday\FunctionalFriday.sln" (Build target(s)).

Build succeeded.
    0 Warning(s)
    0 Error(s)

Time Elapsed 00:00:00.34
